{"C:\\Users\\pierr\\OneDrive\\Bureau\\Ada\\Test jest\\index.js": {"path":"C:\\Users\\pierr\\OneDrive\\Bureau\\Ada\\Test jest\\index.js","statementMap":{"0":{"start":{"line":1,"column":17},"end":{"line":7,"column":1}},"1":{"start":{"line":2,"column":24},"end":{"line":2,"column":26}},"2":{"start":{"line":3,"column":4},"end":{"line":5,"column":5}},"3":{"start":{"line":4,"column":8},"end":{"line":4,"column":34}},"4":{"start":{"line":6,"column":4},"end":{"line":6,"column":24}},"5":{"start":{"line":9,"column":0},"end":{"line":9,"column":28}}},"fnMap":{"0":{"name":"(anonymous_0)","decl":{"start":{"line":1,"column":17},"end":{"line":1,"column":18}},"loc":{"start":{"line":1,"column":26},"end":{"line":7,"column":1}},"line":1}},"branchMap":{},"s":{"0":1,"1":1,"2":1,"3":1,"4":0,"5":1},"f":{"0":1},"b":{},"_coverageSchema":"1a1c01bbd47fc00a2c39e90264f33305004495a9","hash":"902dd0ff85ee219c1d88e5a9f379f272ef19a3a1"}
}
